[35m[1mScanning dependencies of target visensor_static[0m
[35m[1mScanning dependencies of target visensor[0m
[  2%] [32mBuilding CXX object CMakeFiles/visensor_static.dir/src/sensors/imu_adis16488.cpp.o[0m
[  4%] [32mBuilding CXX object CMakeFiles/visensor_static.dir/src/sensors/led_flasher.cpp.o[0m
[  6%] [32mBuilding CXX object CMakeFiles/visensor_static.dir/src/visensor_impl.cpp.o[0m
[ 10%] [32mBuilding CXX object CMakeFiles/visensor_static.dir/src/sensors/camera_tau640.cpp.o[0m
[ 10%] [32mBuilding CXX object CMakeFiles/visensor_static.dir/src/sensors/corner_mt9v034.cpp.o[0m
[ 12%] [32mBuilding CXX object CMakeFiles/visensor_static.dir/src/sensors/imu_adis16448.cpp.o[0m
[ 14%] [32mBuilding CXX object CMakeFiles/visensor.dir/src/visensor_impl.cpp.o[0m
[ 16%] [32mBuilding CXX object CMakeFiles/visensor.dir/src/sensors/led_flasher.cpp.o[0m
In file included from [01m[K/home/yumi/yumi_ws/src/libvisensor_devel/include/sensors/led_flasher.hpp:14:0[m[K,
                 from [01m[K/home/yumi/yumi_ws/src/libvisensor_devel/src/sensors/led_flasher.cpp:12[m[K:
[01m[K/home/yumi/yumi_ws/src/libvisensor_devel/include/networking/param_server.hpp:[m[K In constructor ‘[01m[Kparam_server::ParamItemInt::ParamItemInt(uint32_t, uint32_t, uint32_t, uint32_t, uint32_t)[m[K’:
[01m[K/home/yumi/yumi_ws/src/libvisensor_devel/include/networking/param_server.hpp:214:16:[m[K [01;35m[Kwarning: [m[Kcomparison between signed and unsigned integer expressions [-Wsign-compare]
     if (minVal < min_)
[01;32m[K                ^[m[K
[01m[K/home/yumi/yumi_ws/src/libvisensor_devel/include/networking/param_server.hpp:218:16:[m[K [01;35m[Kwarning: [m[Kcomparison between signed and unsigned integer expressions [-Wsign-compare]
     if (maxVal > max_)
[01;32m[K                ^[m[K
In file included from [01m[K/home/yumi/yumi_ws/src/libvisensor_devel/include/sensors/led_flasher.hpp:14:0[m[K,
                 from [01m[K/home/yumi/yumi_ws/src/libvisensor_devel/src/sensors/led_flasher.cpp:12[m[K:
[01m[K/home/yumi/yumi_ws/src/libvisensor_devel/include/networking/param_server.hpp:[m[K In constructor ‘[01m[Kparam_server::ParamItemInt::ParamItemInt(uint32_t, uint32_t, uint32_t, uint32_t, uint32_t)[m[K’:
[01m[K/home/yumi/yumi_ws/src/libvisensor_devel/include/networking/param_server.hpp:214:16:[m[K [01;35m[Kwarning: [m[Kcomparison between signed and unsigned integer expressions [-Wsign-compare]
     if (minVal < min_)
[01;32m[K                ^[m[K
[01m[K/home/yumi/yumi_ws/src/libvisensor_devel/include/networking/param_server.hpp:218:16:[m[K [01;35m[Kwarning: [m[Kcomparison between signed and unsigned integer expressions [-Wsign-compare]
     if (maxVal > max_)
[01;32m[K                ^[m[K
In file included from [01m[K/home/yumi/yumi_ws/src/libvisensor_devel/include/sensors/corner_mt9v034.hpp:39:0[m[K,
                 from [01m[K/home/yumi/yumi_ws/src/libvisensor_devel/src/sensors/corner_mt9v034.cpp:36[m[K:
[01m[K/home/yumi/yumi_ws/src/libvisensor_devel/include/networking/param_server.hpp:[m[K In constructor ‘[01m[Kparam_server::ParamItemInt::ParamItemInt(uint32_t, uint32_t, uint32_t, uint32_t, uint32_t)[m[K’:
[01m[K/home/yumi/yumi_ws/src/libvisensor_devel/include/networking/param_server.hpp:214:16:[m[K [01;35m[Kwarning: [m[Kcomparison between signed and unsigned integer expressions [-Wsign-compare]
     if (minVal < min_)
[01;32m[K                ^[m[K
[01m[K/home/yumi/yumi_ws/src/libvisensor_devel/include/networking/param_server.hpp:218:16:[m[K [01;35m[Kwarning: [m[Kcomparison between signed and unsigned integer expressions [-Wsign-compare]
     if (maxVal > max_)
[01;32m[K                ^[m[K
In file included from [01m[K/home/yumi/yumi_ws/src/libvisensor_devel/include/sensors/camera_tau640.hpp:40:0[m[K,
                 from [01m[K/home/yumi/yumi_ws/src/libvisensor_devel/src/sensors/camera_tau640.cpp:38[m[K:
[01m[K/home/yumi/yumi_ws/src/libvisensor_devel/include/networking/param_server.hpp:[m[K In constructor ‘[01m[Kparam_server::ParamItemInt::ParamItemInt(uint32_t, uint32_t, uint32_t, uint32_t, uint32_t)[m[K’:
[01m[K/home/yumi/yumi_ws/src/libvisensor_devel/include/networking/param_server.hpp:214:16:[m[K [01;35m[Kwarning: [m[Kcomparison between signed and unsigned integer expressions [-Wsign-compare]
     if (minVal < min_)
[01;32m[K                ^[m[K
[01m[K/home/yumi/yumi_ws/src/libvisensor_devel/include/networking/param_server.hpp:218:16:[m[K [01;35m[Kwarning: [m[Kcomparison between signed and unsigned integer expressions [-Wsign-compare]
     if (maxVal > max_)
[01;32m[K                ^[m[K
In file included from [01m[K/home/yumi/yumi_ws/src/libvisensor_devel/include/sensors/dense_matcher.hpp:38:0[m[K,
                 from [01m[K/home/yumi/yumi_ws/src/libvisensor_devel/src/visensor_impl.cpp:42[m[K:
[01m[K/home/yumi/yumi_ws/src/libvisensor_devel/include/networking/param_server.hpp:[m[K In constructor ‘[01m[Kparam_server::ParamItemInt::ParamItemInt(uint32_t, uint32_t, uint32_t, uint32_t, uint32_t)[m[K’:
[01m[K/home/yumi/yumi_ws/src/libvisensor_devel/include/networking/param_server.hpp:214:16:[m[K [01;35m[Kwarning: [m[Kcomparison between signed and unsigned integer expressions [-Wsign-compare]
     if (minVal < min_)
[01;32m[K                ^[m[K
[01m[K/home/yumi/yumi_ws/src/libvisensor_devel/include/networking/param_server.hpp:218:16:[m[K [01;35m[Kwarning: [m[Kcomparison between signed and unsigned integer expressions [-Wsign-compare]
     if (maxVal > max_)
[01;32m[K                ^[m[K
In file included from [01m[K/home/yumi/yumi_ws/src/libvisensor_devel/include/sensors/dense_matcher.hpp:38:0[m[K,
                 from [01m[K/home/yumi/yumi_ws/src/libvisensor_devel/src/visensor_impl.cpp:42[m[K:
[01m[K/home/yumi/yumi_ws/src/libvisensor_devel/include/networking/param_server.hpp:[m[K In constructor ‘[01m[Kparam_server::ParamItemInt::ParamItemInt(uint32_t, uint32_t, uint32_t, uint32_t, uint32_t)[m[K’:
[01m[K/home/yumi/yumi_ws/src/libvisensor_devel/include/networking/param_server.hpp:214:16:[m[K [01;35m[Kwarning: [m[Kcomparison between signed and unsigned integer expressions [-Wsign-compare]
     if (minVal < min_)
[01;32m[K                ^[m[K
[01m[K/home/yumi/yumi_ws/src/libvisensor_devel/include/networking/param_server.hpp:218:16:[m[K [01;35m[Kwarning: [m[Kcomparison between signed and unsigned integer expressions [-Wsign-compare]
     if (maxVal > max_)
[01;32m[K                ^[m[K
[ 18%] [32mBuilding CXX object CMakeFiles/visensor_static.dir/src/sensors/sensor_factory.cpp.o[0m
[ 20%] [32mBuilding CXX object CMakeFiles/visensor_static.dir/src/sensors/external_trigger.cpp.o[0m
[ 22%] [32mBuilding CXX object CMakeFiles/visensor.dir/src/sensors/imu_adis16448.cpp.o[0m
In file included from [01m[K/home/yumi/yumi_ws/src/libvisensor_devel/src/sensors/sensor_factory.cpp:45:0[m[K:
[01m[K/home/yumi/yumi_ws/src/libvisensor_devel/include/sensors/external_trigger.hpp:66:120:[m[K [01;35m[Kwarning: [m[Kbinary constants are a C++14 feature or GCC extension
     param_server_.addParam("enable_trigger_0", param_server::BOOL_T, ExternalTriggerDefaults::R_EX_TRIGGER_CONTROL, 0, 0b1);
[01;32m[K                                                                                                                        ^[m[K
[01m[K/home/yumi/yumi_ws/src/libvisensor_devel/include/sensors/external_trigger.hpp:67:120:[m[K [01;35m[Kwarning: [m[Kbinary constants are a C++14 feature or GCC extension
     param_server_.addParam("enable_trigger_1", param_server::BOOL_T, ExternalTriggerDefaults::R_EX_TRIGGER_CONTROL, 0, 0b10);
[01;32m[K                                                                                                                        ^[m[K
[01m[K/home/yumi/yumi_ws/src/libvisensor_devel/include/sensors/external_trigger.hpp:68:120:[m[K [01;35m[Kwarning: [m[Kbinary constants are a C++14 feature or GCC extension
     param_server_.addParam("enable_trigger_2", param_server::BOOL_T, ExternalTriggerDefaults::R_EX_TRIGGER_CONTROL, 0, 0b100);
[01;32m[K                                                                                                                        ^[m[K
In file included from [01m[K/home/yumi/yumi_ws/src/libvisensor_devel/src/sensors/sensor_factory.cpp:45:0[m[K:
[01m[K/home/yumi/yumi_ws/src/libvisensor_devel/include/sensors/external_trigger.hpp:78:125:[m[K [01;35m[Kwarning: [m[Kbinary constants are a C++14 feature or GCC extension
     param_server_.addParam("trigger_0_direction", param_server::BOOL_T, ExternalTriggerDefaults::R_EX_TRIGGER_DIRECTION, 0, 0b1); //0 is output, 1 is input
[01;32m[K                                                                                                                             ^[m[K
[01m[K/home/yumi/yumi_ws/src/libvisensor_devel/include/sensors/external_trigger.hpp:79:125:[m[K [01;35m[Kwarning: [m[Kbinary constants are a C++14 feature or GCC extension
     param_server_.addParam("trigger_1_direction", param_server::BOOL_T, ExternalTriggerDefaults::R_EX_TRIGGER_DIRECTION, 0, 0b10); //0 is output, 1 is input
[01;32m[K                                                                                                                             ^[m[K
[01m[K/home/yumi/yumi_ws/src/libvisensor_devel/include/sensors/external_trigger.hpp:80:125:[m[K [01;35m[Kwarning: [m[Kbinary constants are a C++14 feature or GCC extension
     param_server_.addParam("trigger_2_direction", param_server::BOOL_T, ExternalTriggerDefaults::R_EX_TRIGGER_DIRECTION, 0, 0b100); //0 is output, 1 is input
[01;32m[K                                                                                                                             ^[m[K
In file included from [01m[K/home/yumi/yumi_ws/src/libvisensor_devel/src/sensors/external_trigger.cpp:38:0[m[K:
[01m[K/home/yumi/yumi_ws/src/libvisensor_devel/include/sensors/external_trigger.hpp:66:120:[m[K [01;35m[Kwarning: [m[Kbinary constants are a C++14 feature or GCC extension
     param_server_.addParam("enable_trigger_0", param_server::BOOL_T, ExternalTriggerDefaults::R_EX_TRIGGER_CONTROL, 0, 0b1);
[01;32m[K                                                                                                                        ^[m[K
[01m[K/home/yumi/yumi_ws/src/libvisensor_devel/include/sensors/external_trigger.hpp:67:120:[m[K [01;35m[Kwarning: [m[Kbinary constants are a C++14 feature or GCC extension
     param_server_.addParam("enable_trigger_1", param_server::BOOL_T, ExternalTriggerDefaults::R_EX_TRIGGER_CONTROL, 0, 0b10);
[01;32m[K                                                                                                                        ^[m[K
[01m[K/home/yumi/yumi_ws/src/libvisensor_devel/include/sensors/external_trigger.hpp:68:120:[m[K [01;35m[Kwarning: [m[Kbinary constants are a C++14 feature or GCC extension
     param_server_.addParam("enable_trigger_2", param_server::BOOL_T, ExternalTriggerDefaults::R_EX_TRIGGER_CONTROL, 0, 0b100);
[01;32m[K                                                                                                                        ^[m[K
In file included from [01m[K/home/yumi/yumi_ws/src/libvisensor_devel/src/sensors/external_trigger.cpp:38:0[m[K:
[01m[K/home/yumi/yumi_ws/src/libvisensor_devel/include/sensors/external_trigger.hpp:78:125:[m[K [01;35m[Kwarning: [m[Kbinary constants are a C++14 feature or GCC extension
     param_server_.addParam("trigger_0_direction", param_server::BOOL_T, ExternalTriggerDefaults::R_EX_TRIGGER_DIRECTION, 0, 0b1); //0 is output, 1 is input
[01;32m[K                                                                                                                             ^[m[K
[01m[K/home/yumi/yumi_ws/src/libvisensor_devel/include/sensors/external_trigger.hpp:79:125:[m[K [01;35m[Kwarning: [m[Kbinary constants are a C++14 feature or GCC extension
     param_server_.addParam("trigger_1_direction", param_server::BOOL_T, ExternalTriggerDefaults::R_EX_TRIGGER_DIRECTION, 0, 0b10); //0 is output, 1 is input
[01;32m[K                                                                                                                             ^[m[K
[01m[K/home/yumi/yumi_ws/src/libvisensor_devel/include/sensors/external_trigger.hpp:80:125:[m[K [01;35m[Kwarning: [m[Kbinary constants are a C++14 feature or GCC extension
     param_server_.addParam("trigger_2_direction", param_server::BOOL_T, ExternalTriggerDefaults::R_EX_TRIGGER_DIRECTION, 0, 0b100); //0 is output, 1 is input
[01;32m[K                                                                                                                             ^[m[K
[ 24%] [32mBuilding CXX object CMakeFiles/visensor.dir/src/sensors/imu_adis16488.cpp.o[0m
[ 26%] [32mBuilding CXX object CMakeFiles/visensor_static.dir/src/sensors/imu_mpu9150.cpp.o[0m
[ 28%] [32mBuilding CXX object CMakeFiles/visensor.dir/src/sensors/camera_tau640.cpp.o[0m
[ 30%] [32mBuilding CXX object CMakeFiles/visensor_static.dir/src/sensors/imu.cpp.o[0m
In file included from [01m[K/home/yumi/yumi_ws/src/libvisensor_devel/include/sensors/camera_mt9v034.hpp:39:0[m[K,
                 from [01m[K/home/yumi/yumi_ws/src/libvisensor_devel/src/sensors/sensor_factory.cpp:38[m[K:
[01m[K/home/yumi/yumi_ws/src/libvisensor_devel/include/networking/param_server.hpp:[m[K In constructor ‘[01m[Kparam_server::ParamItemInt::ParamItemInt(uint32_t, uint32_t, uint32_t, uint32_t, uint32_t)[m[K’:
[01m[K/home/yumi/yumi_ws/src/libvisensor_devel/include/networking/param_server.hpp:214:16:[m[K [01;35m[Kwarning: [m[Kcomparison between signed and unsigned integer expressions [-Wsign-compare]
     if (minVal < min_)
[01;32m[K                ^[m[K
[01m[K/home/yumi/yumi_ws/src/libvisensor_devel/include/networking/param_server.hpp:218:16:[m[K [01;35m[Kwarning: [m[Kcomparison between signed and unsigned integer expressions [-Wsign-compare]
     if (maxVal > max_)
[01;32m[K                ^[m[K
In file included from [01m[K/home/yumi/yumi_ws/src/libvisensor_devel/include/sensors/external_trigger.hpp:39:0[m[K,
                 from [01m[K/home/yumi/yumi_ws/src/libvisensor_devel/src/sensors/external_trigger.cpp:38[m[K:
[01m[K/home/yumi/yumi_ws/src/libvisensor_devel/include/networking/param_server.hpp:[m[K In constructor ‘[01m[Kparam_server::ParamItemInt::ParamItemInt(uint32_t, uint32_t, uint32_t, uint32_t, uint32_t)[m[K’:
[01m[K/home/yumi/yumi_ws/src/libvisensor_devel/include/networking/param_server.hpp:214:16:[m[K [01;35m[Kwarning: [m[Kcomparison between signed and unsigned integer expressions [-Wsign-compare]
     if (minVal < min_)
[01;32m[K                ^[m[K
[01m[K/home/yumi/yumi_ws/src/libvisensor_devel/include/networking/param_server.hpp:218:16:[m[K [01;35m[Kwarning: [m[Kcomparison between signed and unsigned integer expressions [-Wsign-compare]
     if (maxVal > max_)
[01;32m[K                ^[m[K
[ 32%] [32mBuilding CXX object CMakeFiles/visensor_static.dir/src/sensors/camera_mt9v034.cpp.o[0m
[ 34%] [32mBuilding CXX object CMakeFiles/visensor_static.dir/src/sensors/corner_detector.cpp.o[0m
[ 36%] [32mBuilding CXX object CMakeFiles/visensor.dir/src/sensors/corner_mt9v034.cpp.o[0m
In file included from [01m[K/home/yumi/yumi_ws/src/libvisensor_devel/include/sensors/imu_mpu9150.hpp:39:0[m[K,
                 from [01m[K/home/yumi/yumi_ws/src/libvisensor_devel/src/sensors/imu_mpu9150.cpp:36[m[K:
[01m[K/home/yumi/yumi_ws/src/libvisensor_devel/include/networking/param_server.hpp:[m[K In constructor ‘[01m[Kparam_server::ParamItemInt::ParamItemInt(uint32_t, uint32_t, uint32_t, uint32_t, uint32_t)[m[K’:
[01m[K/home/yumi/yumi_ws/src/libvisensor_devel/include/networking/param_server.hpp:214:16:[m[K [01;35m[Kwarning: [m[Kcomparison between signed and unsigned integer expressions [-Wsign-compare]
     if (minVal < min_)
[01;32m[K                ^[m[K
[01m[K/home/yumi/yumi_ws/src/libvisensor_devel/include/networking/param_server.hpp:218:16:[m[K [01;35m[Kwarning: [m[Kcomparison between signed and unsigned integer expressions [-Wsign-compare]
     if (maxVal > max_)
[01;32m[K                ^[m[K
In file included from [01m[K/home/yumi/yumi_ws/src/libvisensor_devel/include/sensors/camera_tau640.hpp:40:0[m[K,
                 from [01m[K/home/yumi/yumi_ws/src/libvisensor_devel/src/sensors/camera_tau640.cpp:38[m[K:
[01m[K/home/yumi/yumi_ws/src/libvisensor_devel/include/networking/param_server.hpp:[m[K In constructor ‘[01m[Kparam_server::ParamItemInt::ParamItemInt(uint32_t, uint32_t, uint32_t, uint32_t, uint32_t)[m[K’:
[01m[K/home/yumi/yumi_ws/src/libvisensor_devel/include/networking/param_server.hpp:214:16:[m[K [01;35m[Kwarning: [m[Kcomparison between signed and unsigned integer expressions [-Wsign-compare]
     if (minVal < min_)
[01;32m[K                ^[m[K
[01m[K/home/yumi/yumi_ws/src/libvisensor_devel/include/networking/param_server.hpp:218:16:[m[K [01;35m[Kwarning: [m[Kcomparison between signed and unsigned integer expressions [-Wsign-compare]
     if (maxVal > max_)
[01;32m[K                ^[m[K
[ 38%] [32mBuilding CXX object CMakeFiles/visensor_static.dir/src/sensors/dense_matcher.cpp.o[0m
[ 40%] [32mBuilding CXX object CMakeFiles/visensor.dir/src/sensors/sensor_factory.cpp.o[0m
[ 42%] [32mBuilding CXX object CMakeFiles/visensor.dir/src/sensors/external_trigger.cpp.o[0m
[ 44%] [32mBuilding CXX object CMakeFiles/visensor_static.dir/src/sensors/camera.cpp.o[0m
[ 46%] [32mBuilding CXX object CMakeFiles/visensor.dir/src/sensors/imu_mpu9150.cpp.o[0m
[ 48%] [32mBuilding CXX object CMakeFiles/visensor_static.dir/src/sensors/sensor.cpp.o[0m
In file included from [01m[K/home/yumi/yumi_ws/src/libvisensor_devel/src/sensors/sensor_factory.cpp:45:0[m[K:
[01m[K/home/yumi/yumi_ws/src/libvisensor_devel/include/sensors/external_trigger.hpp:66:120:[m[K [01;35m[Kwarning: [m[Kbinary constants are a C++14 feature or GCC extension
     param_server_.addParam("enable_trigger_0", param_server::BOOL_T, ExternalTriggerDefaults::R_EX_TRIGGER_CONTROL, 0, 0b1);
[01;32m[K                                                                                                                        ^[m[K
[01m[K/home/yumi/yumi_ws/src/libvisensor_devel/include/sensors/external_trigger.hpp:67:120:[m[K [01;35m[Kwarning: [m[Kbinary constants are a C++14 feature or GCC extension
     param_server_.addParam("enable_trigger_1", param_server::BOOL_T, ExternalTriggerDefaults::R_EX_TRIGGER_CONTROL, 0, 0b10);
[01;32m[K                                                                                                                        ^[m[K
[01m[K/home/yumi/yumi_ws/src/libvisensor_devel/include/sensors/external_trigger.hpp:68:120:[m[K [01;35m[Kwarning: [m[Kbinary constants are a C++14 feature or GCC extension
     param_server_.addParam("enable_trigger_2", param_server::BOOL_T, ExternalTriggerDefaults::R_EX_TRIGGER_CONTROL, 0, 0b100);
[01;32m[K                                                                                                                        ^[m[K
In file included from [01m[K/home/yumi/yumi_ws/src/libvisensor_devel/src/sensors/sensor_factory.cpp:45:0[m[K:
[01m[K/home/yumi/yumi_ws/src/libvisensor_devel/include/sensors/external_trigger.hpp:78:125:[m[K [01;35m[Kwarning: [m[Kbinary constants are a C++14 feature or GCC extension
     param_server_.addParam("trigger_0_direction", param_server::BOOL_T, ExternalTriggerDefaults::R_EX_TRIGGER_DIRECTION, 0, 0b1); //0 is output, 1 is input
[01;32m[K                                                                                                                             ^[m[K
[01m[K/home/yumi/yumi_ws/src/libvisensor_devel/include/sensors/external_trigger.hpp:79:125:[m[K [01;35m[Kwarning: [m[Kbinary constants are a C++14 feature or GCC extension
     param_server_.addParam("trigger_1_direction", param_server::BOOL_T, ExternalTriggerDefaults::R_EX_TRIGGER_DIRECTION, 0, 0b10); //0 is output, 1 is input
[01;32m[K                                                                                                                             ^[m[K
[01m[K/home/yumi/yumi_ws/src/libvisensor_devel/include/sensors/external_trigger.hpp:80:125:[m[K [01;35m[Kwarning: [m[Kbinary constants are a C++14 feature or GCC extension
     param_server_.addParam("trigger_2_direction", param_server::BOOL_T, ExternalTriggerDefaults::R_EX_TRIGGER_DIRECTION, 0, 0b100); //0 is output, 1 is input
[01;32m[K                                                                                                                             ^[m[K
In file included from [01m[K/home/yumi/yumi_ws/src/libvisensor_devel/src/sensors/external_trigger.cpp:38:0[m[K:
[01m[K/home/yumi/yumi_ws/src/libvisensor_devel/include/sensors/external_trigger.hpp:66:120:[m[K [01;35m[Kwarning: [m[Kbinary constants are a C++14 feature or GCC extension
     param_server_.addParam("enable_trigger_0", param_server::BOOL_T, ExternalTriggerDefaults::R_EX_TRIGGER_CONTROL, 0, 0b1);
[01;32m[K                                                                                                                        ^[m[K
[01m[K/home/yumi/yumi_ws/src/libvisensor_devel/include/sensors/external_trigger.hpp:67:120:[m[K [01;35m[Kwarning: [m[Kbinary constants are a C++14 feature or GCC extension
     param_server_.addParam("enable_trigger_1", param_server::BOOL_T, ExternalTriggerDefaults::R_EX_TRIGGER_CONTROL, 0, 0b10);
[01;32m[K                                                                                                                        ^[m[K
[01m[K/home/yumi/yumi_ws/src/libvisensor_devel/include/sensors/external_trigger.hpp:68:120:[m[K [01;35m[Kwarning: [m[Kbinary constants are a C++14 feature or GCC extension
     param_server_.addParam("enable_trigger_2", param_server::BOOL_T, ExternalTriggerDefaults::R_EX_TRIGGER_CONTROL, 0, 0b100);
[01;32m[K                                                                                                                        ^[m[K
In file included from [01m[K/home/yumi/yumi_ws/src/libvisensor_devel/src/sensors/external_trigger.cpp:38:0[m[K:
[01m[K/home/yumi/yumi_ws/src/libvisensor_devel/include/sensors/external_trigger.hpp:78:125:[m[K [01;35m[Kwarning: [m[Kbinary constants are a C++14 feature or GCC extension
     param_server_.addParam("trigger_0_direction", param_server::BOOL_T, ExternalTriggerDefaults::R_EX_TRIGGER_DIRECTION, 0, 0b1); //0 is output, 1 is input
[01;32m[K                                                                                                                             ^[m[K
[01m[K/home/yumi/yumi_ws/src/libvisensor_devel/include/sensors/external_trigger.hpp:79:125:[m[K [01;35m[Kwarning: [m[Kbinary constants are a C++14 feature or GCC extension
     param_server_.addParam("trigger_1_direction", param_server::BOOL_T, ExternalTriggerDefaults::R_EX_TRIGGER_DIRECTION, 0, 0b10); //0 is output, 1 is input
[01;32m[K                                                                                                                             ^[m[K
[01m[K/home/yumi/yumi_ws/src/libvisensor_devel/include/sensors/external_trigger.hpp:80:125:[m[K [01;35m[Kwarning: [m[Kbinary constants are a C++14 feature or GCC extension
     param_server_.addParam("trigger_2_direction", param_server::BOOL_T, ExternalTriggerDefaults::R_EX_TRIGGER_DIRECTION, 0, 0b100); //0 is output, 1 is input
[01;32m[K                                                                                                                             ^[m[K
[ 50%] [32mBuilding CXX object CMakeFiles/visensor_static.dir/src/networking/auto_discovery.cpp.o[0m
In file included from [01m[K/home/yumi/yumi_ws/src/libvisensor_devel/include/sensors/camera_mt9v034.hpp:39:0[m[K,
                 from [01m[K/home/yumi/yumi_ws/src/libvisensor_devel/src/sensors/camera_mt9v034.cpp:36[m[K:
[01m[K/home/yumi/yumi_ws/src/libvisensor_devel/include/networking/param_server.hpp:[m[K In constructor ‘[01m[Kparam_server::ParamItemInt::ParamItemInt(uint32_t, uint32_t, uint32_t, uint32_t, uint32_t)[m[K’:
[01m[K/home/yumi/yumi_ws/src/libvisensor_devel/include/networking/param_server.hpp:214:16:[m[K [01;35m[Kwarning: [m[Kcomparison between signed and unsigned integer expressions [-Wsign-compare]
     if (minVal < min_)
[01;32m[K                ^[m[K
[01m[K/home/yumi/yumi_ws/src/libvisensor_devel/include/networking/param_server.hpp:218:16:[m[K [01;35m[Kwarning: [m[Kcomparison between signed and unsigned integer expressions [-Wsign-compare]
     if (maxVal > max_)
[01;32m[K                ^[m[K
In file included from [01m[K/home/yumi/yumi_ws/src/libvisensor_devel/include/sensors/dense_matcher.hpp:38:0[m[K,
                 from [01m[K/home/yumi/yumi_ws/src/libvisensor_devel/src/sensors/dense_matcher.cpp:36[m[K:
[01m[K/home/yumi/yumi_ws/src/libvisensor_devel/include/networking/param_server.hpp:[m[K In constructor ‘[01m[Kparam_server::ParamItemInt::ParamItemInt(uint32_t, uint32_t, uint32_t, uint32_t, uint32_t)[m[K’:
[01m[K/home/yumi/yumi_ws/src/libvisensor_devel/include/networking/param_server.hpp:214:16:[m[K [01;35m[Kwarning: [m[Kcomparison between signed and unsigned integer expressions [-Wsign-compare]
     if (minVal < min_)
[01;32m[K                ^[m[K
[01m[K/home/yumi/yumi_ws/src/libvisensor_devel/include/networking/param_server.hpp:218:16:[m[K [01;35m[Kwarning: [m[Kcomparison between signed and unsigned integer expressions [-Wsign-compare]
     if (maxVal > max_)
[01;32m[K                ^[m[K
In file included from [01m[K/home/yumi/yumi_ws/src/libvisensor_devel/include/sensors/corner_mt9v034.hpp:39:0[m[K,
                 from [01m[K/home/yumi/yumi_ws/src/libvisensor_devel/src/sensors/corner_mt9v034.cpp:36[m[K:
[01m[K/home/yumi/yumi_ws/src/libvisensor_devel/include/networking/param_server.hpp:[m[K In constructor ‘[01m[Kparam_server::ParamItemInt::ParamItemInt(uint32_t, uint32_t, uint32_t, uint32_t, uint32_t)[m[K’:
[01m[K/home/yumi/yumi_ws/src/libvisensor_devel/include/networking/param_server.hpp:214:16:[m[K [01;35m[Kwarning: [m[Kcomparison between signed and unsigned integer expressions [-Wsign-compare]
     if (minVal < min_)
[01;32m[K                ^[m[K
[01m[K/home/yumi/yumi_ws/src/libvisensor_devel/include/networking/param_server.hpp:218:16:[m[K [01;35m[Kwarning: [m[Kcomparison between signed and unsigned integer expressions [-Wsign-compare]
     if (maxVal > max_)
[01;32m[K                ^[m[K
[ 52%] [32mBuilding CXX object CMakeFiles/visensor_static.dir/src/networking/connection.cpp.o[0m
In file included from [01m[K/home/yumi/yumi_ws/src/libvisensor_devel/include/sensors/camera_mt9v034.hpp:39:0[m[K,
                 from [01m[K/home/yumi/yumi_ws/src/libvisensor_devel/src/sensors/sensor_factory.cpp:38[m[K:
[01m[K/home/yumi/yumi_ws/src/libvisensor_devel/include/networking/param_server.hpp:[m[K In constructor ‘[01m[Kparam_server::ParamItemInt::ParamItemInt(uint32_t, uint32_t, uint32_t, uint32_t, uint32_t)[m[K’:
[01m[K/home/yumi/yumi_ws/src/libvisensor_devel/include/networking/param_server.hpp:214:16:[m[K [01;35m[Kwarning: [m[Kcomparison between signed and unsigned integer expressions [-Wsign-compare]
     if (minVal < min_)
[01;32m[K                ^[m[K
[01m[K/home/yumi/yumi_ws/src/libvisensor_devel/include/networking/param_server.hpp:218:16:[m[K [01;35m[Kwarning: [m[Kcomparison between signed and unsigned integer expressions [-Wsign-compare]
     if (maxVal > max_)
[01;32m[K                ^[m[K
[ 54%] [32mBuilding CXX object CMakeFiles/visensor_static.dir/src/networking/file_transfer.cpp.o[0m
[ 56%] [32mBuilding CXX object CMakeFiles/visensor_static.dir/src/synchronization/time_synchronizer.cpp.o[0m
In file included from [01m[K/home/yumi/yumi_ws/src/libvisensor_devel/include/sensors/external_trigger.hpp:39:0[m[K,
                 from [01m[K/home/yumi/yumi_ws/src/libvisensor_devel/src/sensors/external_trigger.cpp:38[m[K:
[01m[K/home/yumi/yumi_ws/src/libvisensor_devel/include/networking/param_server.hpp:[m[K In constructor ‘[01m[Kparam_server::ParamItemInt::ParamItemInt(uint32_t, uint32_t, uint32_t, uint32_t, uint32_t)[m[K’:
[01m[K/home/yumi/yumi_ws/src/libvisensor_devel/include/networking/param_server.hpp:214:16:[m[K [01;35m[Kwarning: [m[Kcomparison between signed and unsigned integer expressions [-Wsign-compare]
     if (minVal < min_)
[01;32m[K                ^[m[K
[01m[K/home/yumi/yumi_ws/src/libvisensor_devel/include/networking/param_server.hpp:218:16:[m[K [01;35m[Kwarning: [m[Kcomparison between signed and unsigned integer expressions [-Wsign-compare]
     if (maxVal > max_)
[01;32m[K                ^[m[K
[ 58%] [32mBuilding CXX object CMakeFiles/visensor_static.dir/src/synchronization/frame_corner_synchronizer.cpp.o[0m
[ 60%] [32mBuilding CXX object CMakeFiles/visensor_static.dir/src/serial_bridge/SerialHost.cpp.o[0m
[ 62%] [32mBuilding CXX object CMakeFiles/visensor.dir/src/sensors/imu.cpp.o[0m
In file included from [01m[K/home/yumi/yumi_ws/src/libvisensor_devel/include/sensors/imu_mpu9150.hpp:39:0[m[K,
                 from [01m[K/home/yumi/yumi_ws/src/libvisensor_devel/src/sensors/imu_mpu9150.cpp:36[m[K:
[01m[K/home/yumi/yumi_ws/src/libvisensor_devel/include/networking/param_server.hpp:[m[K In constructor ‘[01m[Kparam_server::ParamItemInt::ParamItemInt(uint32_t, uint32_t, uint32_t, uint32_t, uint32_t)[m[K’:
[01m[K/home/yumi/yumi_ws/src/libvisensor_devel/include/networking/param_server.hpp:214:16:[m[K [01;35m[Kwarning: [m[Kcomparison between signed and unsigned integer expressions [-Wsign-compare]
     if (minVal < min_)
[01;32m[K                ^[m[K
[01m[K/home/yumi/yumi_ws/src/libvisensor_devel/include/networking/param_server.hpp:218:16:[m[K [01;35m[Kwarning: [m[Kcomparison between signed and unsigned integer expressions [-Wsign-compare]
     if (maxVal > max_)
[01;32m[K                ^[m[K
[ 64%] [32mBuilding CXX object CMakeFiles/visensor_static.dir/src/visensor/visensor_api.cpp.o[0m
[ 66%] [32mBuilding CXX object CMakeFiles/visensor.dir/src/sensors/camera_mt9v034.cpp.o[0m
[ 68%] [32mBuilding CXX object CMakeFiles/visensor.dir/src/sensors/corner_detector.cpp.o[0m
[ 70%] [32mBuilding CXX object CMakeFiles/visensor.dir/src/sensors/dense_matcher.cpp.o[0m
[ 72%] [32mBuilding CXX object CMakeFiles/visensor_static.dir/src/visensor/visensor_datatypes.cpp.o[0m
[ 74%] [32mBuilding CXX object CMakeFiles/visensor.dir/src/sensors/camera.cpp.o[0m
[ 76%] [32mBuilding CXX object CMakeFiles/visensor_static.dir/src/helpers/stereo_homography.cpp.o[0m
[ 78%] [32mBuilding CXX object CMakeFiles/visensor.dir/src/sensors/sensor.cpp.o[0m
[ 80%] [32mBuilding CXX object CMakeFiles/visensor.dir/src/networking/auto_discovery.cpp.o[0m
[ 82%] [32mBuilding CXX object CMakeFiles/visensor.dir/src/networking/connection.cpp.o[0m
[ 84%] [32mBuilding CXX object CMakeFiles/visensor.dir/src/networking/file_transfer.cpp.o[0m
[ 86%] [32mBuilding CXX object CMakeFiles/visensor.dir/src/synchronization/time_synchronizer.cpp.o[0m
[ 88%] [32mBuilding CXX object CMakeFiles/visensor.dir/src/synchronization/frame_corner_synchronizer.cpp.o[0m
[01m[K/home/yumi/yumi_ws/src/libvisensor_devel/src/helpers/stereo_homography.cpp:[m[K In member function ‘[01m[Kvoid StereoHomography::getHomography(Eigen::Matrix3d&, Eigen::Matrix3d&, double&, Eigen::Vector2d&, Eigen::Vector2d&)[m[K’:
[01m[K/home/yumi/yumi_ws/src/libvisensor_devel/src/helpers/stereo_homography.cpp:185:19:[m[K [01;35m[Kwarning: [m[Kvariable ‘[01m[Kom_new[m[K’ set but not used [-Wunused-but-set-variable]
   Eigen::Vector3d om_new = Eigen::Vector3d::Zero();
[01;32m[K                   ^[m[K
[01m[K/home/yumi/yumi_ws/src/libvisensor_devel/src/helpers/stereo_homography.cpp:186:19:[m[K [01;35m[Kwarning: [m[Kvariable ‘[01m[KT_new[m[K’ set but not used [-Wunused-but-set-variable]
   Eigen::Vector3d T_new = R_1 * T;
[01;32m[K                   ^[m[K
[ 90%] [32mBuilding CXX object CMakeFiles/visensor.dir/src/serial_bridge/SerialHost.cpp.o[0m
[ 92%] [32mBuilding CXX object CMakeFiles/visensor.dir/src/visensor/visensor_api.cpp.o[0m
[ 94%] [32mBuilding CXX object CMakeFiles/visensor.dir/src/visensor/visensor_datatypes.cpp.o[0m
In file included from [01m[K/home/yumi/yumi_ws/src/libvisensor_devel/include/sensors/dense_matcher.hpp:38:0[m[K,
                 from [01m[K/home/yumi/yumi_ws/src/libvisensor_devel/src/sensors/dense_matcher.cpp:36[m[K:
[01m[K/home/yumi/yumi_ws/src/libvisensor_devel/include/networking/param_server.hpp:[m[K In constructor ‘[01m[Kparam_server::ParamItemInt::ParamItemInt(uint32_t, uint32_t, uint32_t, uint32_t, uint32_t)[m[K’:
[01m[K/home/yumi/yumi_ws/src/libvisensor_devel/include/networking/param_server.hpp:214:16:[m[K [01;35m[Kwarning: [m[Kcomparison between signed and unsigned integer expressions [-Wsign-compare]
     if (minVal < min_)
[01;32m[K                ^[m[K
[01m[K/home/yumi/yumi_ws/src/libvisensor_devel/include/networking/param_server.hpp:218:16:[m[K [01;35m[Kwarning: [m[Kcomparison between signed and unsigned integer expressions [-Wsign-compare]
     if (maxVal > max_)
[01;32m[K                ^[m[K
In file included from [01m[K/home/yumi/yumi_ws/src/libvisensor_devel/include/sensors/camera_mt9v034.hpp:39:0[m[K,
                 from [01m[K/home/yumi/yumi_ws/src/libvisensor_devel/include/visensor_impl.hpp:51[m[K,
                 from [01m[K/home/yumi/yumi_ws/src/libvisensor_devel/src/visensor/visensor_api.cpp:33[m[K:
[01m[K/home/yumi/yumi_ws/src/libvisensor_devel/include/networking/param_server.hpp:[m[K In constructor ‘[01m[Kparam_server::ParamItemInt::ParamItemInt(uint32_t, uint32_t, uint32_t, uint32_t, uint32_t)[m[K’:
[01m[K/home/yumi/yumi_ws/src/libvisensor_devel/include/networking/param_server.hpp:214:16:[m[K [01;35m[Kwarning: [m[Kcomparison between signed and unsigned integer expressions [-Wsign-compare]
     if (minVal < min_)
[01;32m[K                ^[m[K
[01m[K/home/yumi/yumi_ws/src/libvisensor_devel/include/networking/param_server.hpp:218:16:[m[K [01;35m[Kwarning: [m[Kcomparison between signed and unsigned integer expressions [-Wsign-compare]
     if (maxVal > max_)
[01;32m[K                ^[m[K
In file included from [01m[K/home/yumi/yumi_ws/src/libvisensor_devel/include/sensors/camera_mt9v034.hpp:39:0[m[K,
                 from [01m[K/home/yumi/yumi_ws/src/libvisensor_devel/src/sensors/camera_mt9v034.cpp:36[m[K:
[01m[K/home/yumi/yumi_ws/src/libvisensor_devel/include/networking/param_server.hpp:[m[K In constructor ‘[01m[Kparam_server::ParamItemInt::ParamItemInt(uint32_t, uint32_t, uint32_t, uint32_t, uint32_t)[m[K’:
[01m[K/home/yumi/yumi_ws/src/libvisensor_devel/include/networking/param_server.hpp:214:16:[m[K [01;35m[Kwarning: [m[Kcomparison between signed and unsigned integer expressions [-Wsign-compare]
     if (minVal < min_)
[01;32m[K                ^[m[K
[01m[K/home/yumi/yumi_ws/src/libvisensor_devel/include/networking/param_server.hpp:218:16:[m[K [01;35m[Kwarning: [m[Kcomparison between signed and unsigned integer expressions [-Wsign-compare]
     if (maxVal > max_)
[01;32m[K                ^[m[K
[ 96%] [32mBuilding CXX object CMakeFiles/visensor.dir/src/helpers/stereo_homography.cpp.o[0m
[01m[K/home/yumi/yumi_ws/src/libvisensor_devel/src/helpers/stereo_homography.cpp:[m[K In member function ‘[01m[Kvoid StereoHomography::getHomography(Eigen::Matrix3d&, Eigen::Matrix3d&, double&, Eigen::Vector2d&, Eigen::Vector2d&)[m[K’:
[01m[K/home/yumi/yumi_ws/src/libvisensor_devel/src/helpers/stereo_homography.cpp:185:19:[m[K [01;35m[Kwarning: [m[Kvariable ‘[01m[Kom_new[m[K’ set but not used [-Wunused-but-set-variable]
   Eigen::Vector3d om_new = Eigen::Vector3d::Zero();
[01;32m[K                   ^[m[K
[01m[K/home/yumi/yumi_ws/src/libvisensor_devel/src/helpers/stereo_homography.cpp:186:19:[m[K [01;35m[Kwarning: [m[Kvariable ‘[01m[KT_new[m[K’ set but not used [-Wunused-but-set-variable]
   Eigen::Vector3d T_new = R_1 * T;
[01;32m[K                   ^[m[K
In file included from [01m[K/home/yumi/yumi_ws/src/libvisensor_devel/include/sensors/camera_mt9v034.hpp:39:0[m[K,
                 from [01m[K/home/yumi/yumi_ws/src/libvisensor_devel/include/visensor_impl.hpp:51[m[K,
                 from [01m[K/home/yumi/yumi_ws/src/libvisensor_devel/src/visensor/visensor_api.cpp:33[m[K:
[01m[K/home/yumi/yumi_ws/src/libvisensor_devel/include/networking/param_server.hpp:[m[K In constructor ‘[01m[Kparam_server::ParamItemInt::ParamItemInt(uint32_t, uint32_t, uint32_t, uint32_t, uint32_t)[m[K’:
[01m[K/home/yumi/yumi_ws/src/libvisensor_devel/include/networking/param_server.hpp:214:16:[m[K [01;35m[Kwarning: [m[Kcomparison between signed and unsigned integer expressions [-Wsign-compare]
     if (minVal < min_)
[01;32m[K                ^[m[K
[01m[K/home/yumi/yumi_ws/src/libvisensor_devel/include/networking/param_server.hpp:218:16:[m[K [01;35m[Kwarning: [m[Kcomparison between signed and unsigned integer expressions [-Wsign-compare]
     if (maxVal > max_)
[01;32m[K                ^[m[K
[ 98%] [32m[1mLinking CXX static library /home/yumi/yumi_ws/devel/.private/libvisensor/lib/libvisensor.a[0m
[ 98%] Built target visensor_static
[100%] [32m[1mLinking CXX shared library /home/yumi/yumi_ws/devel/.private/libvisensor/lib/libvisensor.so[0m
[100%] Built target visensor
